2023-11-17 16:19:13,187 Starting new HTTPS connection (1): api.telegram.org:443
2023-11-17 16:19:13,367 https://api.telegram.org:443 "GET /bot6304826558:AAGMLmsBpcYb0erzmdZUWPOOXUT6-CBYmeA/getMe HTTP/1.1" 200 206
2023-11-17 16:19:13,371 Starting new HTTPS connection (1): api.telegram.org:443
2023-11-17 16:19:33,662 https://api.telegram.org:443 "GET /bot6304826558:AAGMLmsBpcYb0erzmdZUWPOOXUT6-CBYmeA/getUpdates?offset=1&timeout=20 HTTP/1.1" 200 23
2023-11-17 16:19:33,785 https://api.telegram.org:443 "GET /bot6304826558:AAGMLmsBpcYb0erzmdZUWPOOXUT6-CBYmeA/getUpdates?offset=1&timeout=20 HTTP/1.1" 200 311
2023-11-17 16:19:33,793 Starting new HTTPS connection (1): api.telegram.org:443
2023-11-17 16:19:34,070 https://api.telegram.org:443 "POST /bot6304826558:AAGMLmsBpcYb0erzmdZUWPOOXUT6-CBYmeA/sendMessage?chat_id=979224342&text=%3Cb%3EWelcome+to+LocalNewsBot%3C%2Fb%3E%0AIn+this+chatbot+you+will+get+updated+by+the+recent+news+published+in+your+favourite+local+newspaper&parse_mode=HTML HTTP/1.1" 200 407
2023-11-17 16:19:34,165 https://api.telegram.org:443 "POST /bot6304826558:AAGMLmsBpcYb0erzmdZUWPOOXUT6-CBYmeA/sendMessage?chat_id=979224342&text=Hi%21+What+are+the+news+that+you+want+to+see%3F&reply_markup=%7B%22keyboard%22%3A+%5B%5B%7B%22text%22%3A+%22Youtube%22%7D%2C+%7B%22text%22%3A+%22Newspaper%22%7D%5D%5D%7D HTTP/1.1" 200 274
2023-11-17 16:19:39,482 https://api.telegram.org:443 "GET /bot6304826558:AAGMLmsBpcYb0erzmdZUWPOOXUT6-CBYmeA/getUpdates?offset=284490435&timeout=20 HTTP/1.1" 200 254
2023-11-17 16:19:39,583 https://api.telegram.org:443 "POST /bot6304826558:AAGMLmsBpcYb0erzmdZUWPOOXUT6-CBYmeA/sendMessage?chat_id=979224342&text=The+headlines+on+Youtube+are%3A HTTP/1.1" 200 260
2023-11-17 16:19:39,702 https://api.telegram.org:443 "POST /bot6304826558:AAGMLmsBpcYb0erzmdZUWPOOXUT6-CBYmeA/sendMessage?chat_id=979224342&text=Consejos+sobre+seguridad+vial+de++Autoescuela+Traffic+-+Traffic+formaci%C3%B3n HTTP/1.1" 200 309
2023-11-17 16:19:39,818 https://api.telegram.org:443 "POST /bot6304826558:AAGMLmsBpcYb0erzmdZUWPOOXUT6-CBYmeA/sendMessage?chat_id=979224342&text=https%3A%2F%2Fwww.youtube.com%2Fwatch%3Fv%3DZnPrUNvfhZ4 HTTP/1.1" 200 325
2023-11-17 16:19:39,909 https://api.telegram.org:443 "POST /bot6304826558:AAGMLmsBpcYb0erzmdZUWPOOXUT6-CBYmeA/sendMessage?chat_id=979224342&text=Noticias+TM9+-+16+de+Noviembre+2023+-+Medina+del+Campo HTTP/1.1" 200 285
2023-11-17 16:19:40,058 https://api.telegram.org:443 "POST /bot6304826558:AAGMLmsBpcYb0erzmdZUWPOOXUT6-CBYmeA/sendMessage?chat_id=979224342&text=https%3A%2F%2Fwww.youtube.com%2Fwatch%3Fv%3DaSd8HPefxUQ HTTP/1.1" 200 325
2023-11-17 16:19:40,155 https://api.telegram.org:443 "POST /bot6304826558:AAGMLmsBpcYb0erzmdZUWPOOXUT6-CBYmeA/sendMessage?chat_id=979224342&text=La+ATC+Amigos+de+Los+Cortes+cumple+40+a%C3%B1os+-+Visitamos+la+sede+de+la+Asociaci%C3%B3n. HTTP/1.1" 200 321
2023-11-17 16:19:40,272 https://api.telegram.org:443 "POST /bot6304826558:AAGMLmsBpcYb0erzmdZUWPOOXUT6-CBYmeA/sendMessage?chat_id=979224342&text=https%3A%2F%2Fwww.youtube.com%2Fwatch%3Fv%3Dc4XrvycDIic HTTP/1.1" 200 325
2023-11-17 16:19:40,366 https://api.telegram.org:443 "POST /bot6304826558:AAGMLmsBpcYb0erzmdZUWPOOXUT6-CBYmeA/sendMessage?chat_id=979224342&text=Entrevista+al+concejal+David+Alonso+donde+nos+deja+varios+titulares+-+Juventud+y++Medio+Ambiente. HTTP/1.1" 200 328
2023-11-17 16:19:40,476 https://api.telegram.org:443 "POST /bot6304826558:AAGMLmsBpcYb0erzmdZUWPOOXUT6-CBYmeA/sendMessage?chat_id=979224342&text=https%3A%2F%2Fwww.youtube.com%2Fwatch%3Fv%3DkK7XOrVG8sk HTTP/1.1" 200 325
2023-11-17 16:19:40,562 https://api.telegram.org:443 "POST /bot6304826558:AAGMLmsBpcYb0erzmdZUWPOOXUT6-CBYmeA/sendMessage?chat_id=979224342&text=Galgos+-++%C3%9Altima+hora+del+Campeonato+Regional HTTP/1.1" 200 281
2023-11-17 16:19:40,661 https://api.telegram.org:443 "POST /bot6304826558:AAGMLmsBpcYb0erzmdZUWPOOXUT6-CBYmeA/sendMessage?chat_id=979224342&text=https%3A%2F%2Fwww.youtube.com%2Fwatch%3Fv%3DOfblsw840pc HTTP/1.1" 200 325
2023-11-17 16:19:40,742 https://api.telegram.org:443 "POST /bot6304826558:AAGMLmsBpcYb0erzmdZUWPOOXUT6-CBYmeA/sendMessage?chat_id=979224342&text=Medina+del+Campo+-+++25+personas+para+bajar+de+los+20.000+habitantes HTTP/1.1" 200 299
2023-11-17 16:19:40,833 https://api.telegram.org:443 "POST /bot6304826558:AAGMLmsBpcYb0erzmdZUWPOOXUT6-CBYmeA/sendMessage?chat_id=979224342&text=https%3A%2F%2Fwww.youtube.com%2Fwatch%3Fv%3DsVsCNEYWAR4 HTTP/1.1" 200 325
2023-11-17 16:19:40,918 https://api.telegram.org:443 "POST /bot6304826558:AAGMLmsBpcYb0erzmdZUWPOOXUT6-CBYmeA/sendMessage?chat_id=979224342&text=La+Zarza+se+prepara+para+la+Exaltaci%C3%B3n+del+N%C3%ADcalo HTTP/1.1" 200 290
2023-11-17 16:19:41,164 https://api.telegram.org:443 "POST /bot6304826558:AAGMLmsBpcYb0erzmdZUWPOOXUT6-CBYmeA/sendMessage?chat_id=979224342&text=https%3A%2F%2Fwww.youtube.com%2Fwatch%3Fv%3DyEhquyY82lE HTTP/1.1" 200 325
2023-11-17 16:19:41,258 https://api.telegram.org:443 "POST /bot6304826558:AAGMLmsBpcYb0erzmdZUWPOOXUT6-CBYmeA/sendMessage?chat_id=979224342&text=El+bombazo+de+la+Navidad+Medinense HTTP/1.1" 200 265
2023-11-17 16:19:41,362 https://api.telegram.org:443 "POST /bot6304826558:AAGMLmsBpcYb0erzmdZUWPOOXUT6-CBYmeA/sendMessage?chat_id=979224342&text=https%3A%2F%2Fwww.youtube.com%2Fwatch%3Fv%3Dfxi8BTG8JbM HTTP/1.1" 200 325
2023-11-17 16:19:41,500 https://api.telegram.org:443 "POST /bot6304826558:AAGMLmsBpcYb0erzmdZUWPOOXUT6-CBYmeA/sendMessage?chat_id=979224342&text=Noticias+TM9+-+15+de+Noviembre+2023+-+Medina+del+Campo HTTP/1.1" 200 285
2023-11-17 16:19:41,751 https://api.telegram.org:443 "POST /bot6304826558:AAGMLmsBpcYb0erzmdZUWPOOXUT6-CBYmeA/sendMessage?chat_id=979224342&text=https%3A%2F%2Fwww.youtube.com%2Fwatch%3Fv%3DI7tF2khhr7E HTTP/1.1" 200 325
2023-11-17 16:19:41,868 https://api.telegram.org:443 "POST /bot6304826558:AAGMLmsBpcYb0erzmdZUWPOOXUT6-CBYmeA/sendMessage?chat_id=979224342&text=El+Deporte+en+Medina+%26quot%3BA+debate%26quot%3B HTTP/1.1" 200 272
2023-11-17 16:19:42,162 https://api.telegram.org:443 "POST /bot6304826558:AAGMLmsBpcYb0erzmdZUWPOOXUT6-CBYmeA/sendMessage?chat_id=979224342&text=https%3A%2F%2Fwww.youtube.com%2Fwatch%3Fv%3Dot_rUhXYvr4 HTTP/1.1" 200 325
2023-11-17 16:19:48,068 https://api.telegram.org:443 "GET /bot6304826558:AAGMLmsBpcYb0erzmdZUWPOOXUT6-CBYmeA/getUpdates?offset=284490436&timeout=20 HTTP/1.1" 200 249
2023-11-17 16:20:08,170 https://api.telegram.org:443 "GET /bot6304826558:AAGMLmsBpcYb0erzmdZUWPOOXUT6-CBYmeA/getUpdates?offset=284490437&timeout=20 HTTP/1.1" 200 23
2023-11-17 16:20:28,242 https://api.telegram.org:443 "GET /bot6304826558:AAGMLmsBpcYb0erzmdZUWPOOXUT6-CBYmeA/getUpdates?offset=284490437&timeout=20 HTTP/1.1" 200 23
2023-11-17 16:20:48,293 https://api.telegram.org:443 "GET /bot6304826558:AAGMLmsBpcYb0erzmdZUWPOOXUT6-CBYmeA/getUpdates?offset=284490437&timeout=20 HTTP/1.1" 200 23
2023-11-17 16:21:08,383 https://api.telegram.org:443 "GET /bot6304826558:AAGMLmsBpcYb0erzmdZUWPOOXUT6-CBYmeA/getUpdates?offset=284490437&timeout=20 HTTP/1.1" 200 23
2023-11-17 16:21:28,433 https://api.telegram.org:443 "GET /bot6304826558:AAGMLmsBpcYb0erzmdZUWPOOXUT6-CBYmeA/getUpdates?offset=284490437&timeout=20 HTTP/1.1" 200 23
2023-11-17 16:21:48,482 https://api.telegram.org:443 "GET /bot6304826558:AAGMLmsBpcYb0erzmdZUWPOOXUT6-CBYmeA/getUpdates?offset=284490437&timeout=20 HTTP/1.1" 200 23
2023-11-17 16:22:08,696 https://api.telegram.org:443 "GET /bot6304826558:AAGMLmsBpcYb0erzmdZUWPOOXUT6-CBYmeA/getUpdates?offset=284490437&timeout=20 HTTP/1.1" 200 23
2023-11-17 16:22:28,744 https://api.telegram.org:443 "GET /bot6304826558:AAGMLmsBpcYb0erzmdZUWPOOXUT6-CBYmeA/getUpdates?offset=284490437&timeout=20 HTTP/1.1" 200 23
2023-11-17 16:22:48,840 https://api.telegram.org:443 "GET /bot6304826558:AAGMLmsBpcYb0erzmdZUWPOOXUT6-CBYmeA/getUpdates?offset=284490437&timeout=20 HTTP/1.1" 200 23
2023-11-17 16:23:09,117 https://api.telegram.org:443 "GET /bot6304826558:AAGMLmsBpcYb0erzmdZUWPOOXUT6-CBYmeA/getUpdates?offset=284490437&timeout=20 HTTP/1.1" 200 23
